>> Epoch 1 finished     RBM Reconstruction error 42.148159
>> Epoch 2 finished     RBM Reconstruction error 38.677247
>> Epoch 3 finished     RBM Reconstruction error 37.006737
>> Epoch 4 finished     RBM Reconstruction error 33.908795
>> Epoch 5 finished     RBM Reconstruction error 33.627612
>> Epoch 6 finished     RBM Reconstruction error 32.659764
>> Epoch 7 finished     RBM Reconstruction error 33.697546
>> Epoch 8 finished     RBM Reconstruction error 30.052987
>> Epoch 9 finished     RBM Reconstruction error 29.162534
>> Epoch 10 finished    RBM Reconstruction error 28.786760
>> Epoch 1 finished     RBM Reconstruction error 7.833088
>> Epoch 2 finished     RBM Reconstruction error 5.638366
>> Epoch 3 finished     RBM Reconstruction error 4.706691
>> Epoch 4 finished     RBM Reconstruction error 3.759937
>> Epoch 5 finished     RBM Reconstruction error 3.071389
>> Epoch 6 finished     RBM Reconstruction error 2.911685
>> Epoch 7 finished     RBM Reconstruction error 2.498243
>> Epoch 8 finished     RBM Reconstruction error 2.397344
>> Epoch 9 finished     RBM Reconstruction error 2.090039
>> Epoch 10 finished    RBM Reconstruction error 2.112855
[END] Pre-training step
[START] Fine tuning step:
>> Epoch 0 finished     ANN training loss 0.982955
>> Epoch 1 finished     ANN training loss 0.902215
>> Epoch 2 finished     ANN training loss 0.932438
>> Epoch 3 finished     ANN training loss 1.030777
>> Epoch 4 finished     ANN training loss 0.827744
>> Epoch 5 finished     ANN training loss 0.831761
>> Epoch 6 finished     ANN training loss 0.839910
>> Epoch 7 finished     ANN training loss 0.821115
>> Epoch 8 finished     ANN training loss 0.820821
>> Epoch 9 finished     ANN training loss 0.823113
>> Epoch 10 finished    ANN training loss 0.786359
>> Epoch 11 finished    ANN training loss 0.787640
>> Epoch 12 finished    ANN training loss 0.778831
>> Epoch 13 finished    ANN training loss 0.779335
>> Epoch 14 finished    ANN training loss 0.772104
>> Epoch 15 finished    ANN training loss 0.771462
>> Epoch 16 finished    ANN training loss 0.762858
>> Epoch 17 finished    ANN training loss 0.790350
>> Epoch 18 finished    ANN training loss 0.757599
>> Epoch 19 finished    ANN training loss 0.782113
>> Epoch 20 finished    ANN training loss 0.760568
>> Epoch 21 finished    ANN training loss 0.769267
>> Epoch 22 finished    ANN training loss 0.762232
>> Epoch 23 finished    ANN training loss 0.761017
>> Epoch 24 finished    ANN training loss 0.757697
>> Epoch 25 finished    ANN training loss 0.750660
>> Epoch 26 finished    ANN training loss 0.761397
>> Epoch 26 finished    ANN training loss 0.761397
>> Epoch 27 finished    ANN training loss 0.742433
>> Epoch 28 finished    ANN training loss 0.742536
>> Epoch 29 finished    ANN training loss 0.742529
>> Epoch 30 finished    ANN training loss 0.752091
>> Epoch 31 finished    ANN training loss 0.736349
>> Epoch 32 finished    ANN training loss 0.742167
>> Epoch 33 finished    ANN training loss 0.732169
>> Epoch 34 finished    ANN training loss 0.732276
>> Epoch 35 finished    ANN training loss 0.733300
>> Epoch 36 finished    ANN training loss 0.740766
>> Epoch 37 finished    ANN training loss 0.735569
>> Epoch 38 finished    ANN training loss 0.734859
>> Epoch 39 finished    ANN training loss 0.731095
>> Epoch 40 finished    ANN training loss 0.727216
>> Epoch 41 finished    ANN training loss 0.740929
>> Epoch 42 finished    ANN training loss 0.734347
>> Epoch 43 finished    ANN training loss 0.725093
>> Epoch 44 finished    ANN training loss 0.720588
>> Epoch 45 finished    ANN training loss 0.740398
>> Epoch 46 finished    ANN training loss 0.725224
>> Epoch 47 finished    ANN training loss 0.731642
>> Epoch 48 finished    ANN training loss 0.722048
>> Epoch 49 finished    ANN training loss 0.715243
>> Epoch 50 finished    ANN training loss 0.729109
>> Epoch 51 finished    ANN training loss 0.732161
>> Epoch 52 finished    ANN training loss 0.715074
>> Epoch 53 finished    ANN training loss 0.722366
>> Epoch 54 finished    ANN training loss 0.715771
>> Epoch 55 finished    ANN training loss 0.715222
>> Epoch 56 finished    ANN training loss 0.708878
>> Epoch 57 finished    ANN training loss 0.709271
>> Epoch 58 finished    ANN training loss 0.711523
>> Epoch 59 finished    ANN training loss 0.705608
>> Epoch 60 finished    ANN training loss 0.707233
>> Epoch 61 finished    ANN training loss 0.715359
>> Epoch 62 finished    ANN training loss 0.706769
>> Epoch 63 finished    ANN training loss 0.701399
>> Epoch 64 finished    ANN training loss 0.705278
>> Epoch 65 finished    ANN training loss 0.703207
>> Epoch 66 finished    ANN training loss 0.707809
>> Epoch 67 finished    ANN training loss 0.698672
>> Epoch 68 finished    ANN training loss 0.709640
>> Epoch 69 finished    ANN training loss 0.697154
>> Epoch 70 finished    ANN training loss 0.693443
>> Epoch 71 finished    ANN training loss 0.722585
>> Epoch 72 finished    ANN training loss 0.692293
>> Epoch 73 finished    ANN training loss 0.692329
>> Epoch 74 finished    ANN training loss 0.691593
>> Epoch 75 finished    ANN training loss 0.693635
>> Epoch 76 finished    ANN training loss 0.693667
>> Epoch 77 finished    ANN training loss 0.688987
>> Epoch 78 finished    ANN training loss 0.694548
>> Epoch 79 finished    ANN training loss 0.703179
>> Epoch 80 finished    ANN training loss 0.694634
>> Epoch 81 finished    ANN training loss 0.688061
>> Epoch 82 finished    ANN training loss 0.686797
>> Epoch 83 finished    ANN training loss 0.681599
>> Epoch 84 finished    ANN training loss 0.684961
>> Epoch 85 finished    ANN training loss 0.682275
>> Epoch 86 finished    ANN training loss 0.680972
>> Epoch 87 finished    ANN training loss 0.680539
>> Epoch 88 finished    ANN training loss 0.679166
>> Epoch 89 finished    ANN training loss 0.678275
>> Epoch 90 finished    ANN training loss 0.678582
>> Epoch 91 finished    ANN training loss 0.679597
>> Epoch 92 finished    ANN training loss 0.675593
>> Epoch 93 finished    ANN training loss 0.675431
>> Epoch 94 finished    ANN training loss 0.683748
>> Epoch 95 finished    ANN training loss 0.676023
>> Epoch 96 finished    ANN training loss 0.676216
>> Epoch 97 finished    ANN training loss 0.671414
>> Epoch 98 finished    ANN training loss 0.674771
>> Epoch 99 finished    ANN training loss 0.668320
[END] Fine tuning step
Accuracy: 0.6565
